2020-08-07T21:12:15.930Z [grade-api] info : Server is running at localhost:3000
2020-08-07T21:12:59.944Z [grade-api] info : Server is running at http://localhost:3000
2020-08-07T21:17:35.702Z [grade-api] info : Server is running at http://localhost:3000
2020-08-07T21:18:32.282Z [grade-api] info : Server is running at http://localhost:3000
2020-08-07T21:19:14.763Z [grade-api] info : Server is running at http://localhost:3000
2020-08-07T21:19:32.068Z [grade-api] info : Server is running at http://localhost:3000
2020-08-07T21:21:05.519Z [grade-api] info : Server is running at http://localhost:3000
2020-08-07T21:21:18.096Z [grade-api] info : Server is running at http://localhost:3000
2020-08-07T21:22:42.695Z [grade-api] info : Server is running at http://localhost:3000
2020-08-07T21:23:18.675Z [grade-api] info : Server is running at http://localhost:3000
2020-08-07T21:24:44.184Z [grade-api] info : Server is running at http://localhost:3000
2020-08-07T21:25:03.648Z [grade-api] info : Server is running at http://localhost:3000
2020-08-07T21:27:20.705Z [grade-api] info : Server is running at http://localhost:3000
2020-08-07T21:28:00.672Z [grade-api] info : Server is running at http://localhost:3000
2020-08-07T21:34:53.090Z [grade-api] error : uncaughtException: module is not defined
ReferenceError: module is not defined
    at file:///C:/Users/Daniel/OneDrive/IGTI/cap02/desafio/controller/gradeController.js:87:1
    at ModuleJob.run (internal/modules/esm/module_job.js:139:37)
    at async Loader.import (internal/modules/esm/loader.js:179:24)
2020-08-07T21:36:39.044Z [grade-api] info : Server is running at http://localhost:3000
2020-08-07T21:36:56.226Z [grade-api] info : Server is running at http://localhost:3000
2020-08-07T21:40:18.264Z [grade-api] info : Server is running at http://localhost:3000
2020-08-07T21:44:47.413Z [grade-api] info : Server is running at http://localhost:3000
2020-08-07T21:48:55.951Z [grade-api] info : Server is running at http://localhost:3000
2020-08-07T21:50:15.818Z [grade-api] info : Server is running at http://localhost:3000
2020-08-07T21:53:54.284Z [grade-api] info : Server is running at http://localhost:3000
2020-08-07T21:53:57.301Z [grade-api] info : Server is running at http://localhost:3000
2020-08-07T21:54:16.133Z [grade-api] info : Server is running at http://localhost:3000
2020-08-07T21:54:25.832Z [grade-api] info : Server is running at http://localhost:3000
2020-08-07T21:55:32.318Z [grade-api] info : Server is running at http://localhost:3000
2020-08-07T22:04:05.299Z [grade-api] info : Server is running at http://localhost:3000
2020-08-07T22:05:59.630Z [grade-api] info : Server is running at http://localhost:3000
2020-08-07T22:06:53.652Z [grade-api] info : Server is running at http://localhost:3000
2020-08-07T22:07:32.295Z [grade-api] info : Server is running at http://localhost:3000
2020-08-07T22:10:31.784Z [grade-api] info : Server is running at http://localhost:3000
2020-08-07T22:11:00.340Z [grade-api] info : Server is running at http://localhost:3000
2020-08-07T22:13:46.238Z [grade-api] info : Server is running at http://localhost:3000
2020-08-07T22:16:37.303Z [grade-api] info : Server is running at http://localhost:3000
2020-08-07T22:17:17.823Z [grade-api] info : Server is running at http://localhost:3000
2020-08-07T22:17:31.567Z [grade-api] info : Server is running at http://localhost:3000
2020-08-07T22:19:25.422Z [grade-api] info : Server is running at http://localhost:3000
2020-08-07T22:19:45.938Z [grade-api] info : Server is running at http://localhost:3000
2020-08-07T22:24:30.175Z [grade-api] info : Server is running at http://localhost:3000
2020-08-07T22:32:50.885Z [grade-api] info : Server is running at http://localhost:3000
2020-08-07T22:33:23.289Z [grade-api] info : Server is running at http://localhost:3000
2020-08-07T22:35:42.025Z [grade-api] info : Server is running at http://localhost:3000
2020-08-07T22:37:13.616Z [grade-api] info : Server is running at http://localhost:3000
2020-08-07T22:37:33.506Z [grade-api] info : Server is running at http://localhost:3000
2020-08-07T22:38:05.396Z [grade-api] info : Server is running at http://localhost:3000
2020-08-07T22:38:10.346Z [grade-api] info : Server is running at http://localhost:3000
2020-08-07T22:39:12.960Z [grade-api] info : Server is running at http://localhost:3000
2020-08-07T22:39:15.539Z [grade-api] info : Server is running at http://localhost:3000
2020-08-07T22:39:33.841Z [grade-api] info : Server is running at http://localhost:3000
2020-08-07T22:39:49.125Z [grade-api] info : Server is running at http://localhost:3000
2020-08-07T22:41:25.597Z [grade-api] info : Server is running at http://localhost:3000
2020-08-07T22:44:41.772Z [grade-api] info : Server is running at http://localhost:3000
2020-08-07T22:54:28.637Z [grade-api] info : Server is running at http://localhost:3000
2020-08-07T22:56:15.642Z [grade-api] info : Server is running at http://localhost:3000
2020-08-07T22:56:36.005Z [grade-api] info : Server is running at http://localhost:3000
2020-08-07T22:59:17.881Z [grade-api] info : Server is running at http://localhost:3000
2020-08-07T22:59:23.469Z [grade-api] info : Server is running at http://localhost:3000
2020-08-07T23:07:54.967Z [grade-api] info : Server is running at http://localhost:3000
2020-08-07T23:08:09.689Z [grade-api] info : Server is running at http://localhost:3000
2020-08-07T23:16:50.784Z [grade-api] info : Server is running at http://localhost:3000
2020-08-07T23:17:41.348Z [grade-api] info : Server is running at http://localhost:3000
2020-08-07T23:18:23.823Z [grade-api] info : Server is running at http://localhost:3000
2020-08-07T23:19:36.848Z [grade-api] info : Server is running at http://localhost:3000
2020-08-07T23:20:16.296Z [grade-api] info : Server is running at http://localhost:3000
2020-08-07T23:20:22.875Z [grade-api] info : Server is running at http://localhost:3000
2020-08-07T23:20:44.168Z [grade-api] info : Server is running at http://localhost:3000
2020-08-07T23:21:00.745Z [grade-api] info : Server is running at http://localhost:3000
2020-08-07T23:30:29.374Z [grade-api] info : Server is running at http://localhost:3000
2020-08-07T23:31:01.542Z [grade-api] info : Server is running at http://localhost:3000
2020-08-07T23:31:24.065Z [grade-api] info : Server is running at http://localhost:3000
2020-08-07T23:32:56.137Z [grade-api] info : Server is running at http://localhost:3000
2020-08-07T23:33:37.084Z [grade-api] info : Server is running at http://localhost:3000
2020-08-07T23:33:59.408Z [grade-api] info : Server is running at http://localhost:3000
2020-08-07T23:34:31.211Z [grade-api] info : Server is running at http://localhost:3000
2020-08-07T23:35:19.603Z [grade-api] info : Server is running at http://localhost:3000
2020-08-07T23:36:30.972Z [grade-api] info : Server is running at http://localhost:3000
2020-08-07T23:36:36.234Z [grade-api] info : Server is running at http://localhost:3000
2020-08-07T23:37:27.045Z [grade-api] info : Server is running at http://localhost:3000
2020-08-07T23:37:53.339Z [grade-api] info : Server is running at http://localhost:3000
2020-08-07T23:38:16.350Z [grade-api] info : Server is running at http://localhost:3000
2020-08-07T23:40:08.749Z [grade-api] info : Server is running at http://localhost:3000
2020-08-07T23:40:47.735Z [grade-api] info : Server is running at http://localhost:3000
2020-08-07T23:41:13.218Z [grade-api] info : Server is running at http://localhost:3000
2020-08-07T23:43:28.285Z [grade-api] info : Server is running at http://localhost:3000
2020-08-07T23:43:58.568Z [grade-api] info : Server is running at http://localhost:3000
2020-08-07T23:45:59.707Z [grade-api] info : Server is running at http://localhost:3000
2020-08-07T23:46:45.346Z [grade-api] info : Server is running at http://localhost:3000
2020-08-07T23:48:08.605Z [grade-api] info : Server is running at http://localhost:3000
2020-08-07T23:48:28.325Z [grade-api] info : Server is running at http://localhost:3000
2020-08-07T23:50:04.818Z [grade-api] info : Server is running at http://localhost:3000
2020-08-07T23:52:19.056Z [grade-api] info : Server is running at http://localhost:3000
2020-08-07T23:52:46.361Z [grade-api] info : Server is running at http://localhost:3000
2020-08-07T23:53:19.393Z [grade-api] info : Server is running at http://localhost:3000
2020-08-07T23:57:23.465Z [grade-api] info : Server is running at http://localhost:3000
2020-08-07T23:57:45.884Z [grade-api] info : Server is running at http://localhost:3000
2020-08-07T23:59:52.374Z [grade-api] info : Server is running at http://localhost:3000
2020-08-08T00:00:30.992Z [grade-api] info : Server is running at http://localhost:3000
2020-08-08T00:00:56.046Z [grade-api] info : Server is running at http://localhost:3000
2020-08-08T00:02:26.329Z [grade-api] info : Server is running at http://localhost:3000
2020-08-08T00:03:29.261Z [grade-api] info : Server is running at http://localhost:3000
2020-08-08T00:03:53.490Z [grade-api] info : Server is running at http://localhost:3000
2020-08-08T00:04:44.903Z [grade-api] info : Server is running at http://localhost:3000
2020-08-08T00:06:43.556Z [grade-api] info : Server is running at http://localhost:3000
2020-08-08T00:06:56.200Z [grade-api] info : Server is running at http://localhost:3000
2020-08-08T00:07:35.169Z [grade-api] info : Server is running at http://localhost:3000
2020-08-08T00:07:55.027Z [grade-api] info : Server is running at http://localhost:3000
2020-08-08T00:08:54.471Z [grade-api] info : Server is running at http://localhost:3000
2020-08-08T00:09:00.908Z [grade-api] info : Server is running at http://localhost:3000
2020-08-08T00:10:06.305Z [grade-api] info : Server is running at http://localhost:3000
2020-08-08T00:10:39.185Z [grade-api] info : Server is running at http://localhost:3000
2020-08-08T00:11:07.174Z [grade-api] info : Server is running at http://localhost:3000
2020-08-08T00:17:25.231Z [grade-api] info : Server is running at http://localhost:3000
2020-08-08T00:18:29.845Z [grade-api] info : Server is running at http://localhost:3000
2020-08-08T00:18:51.561Z [grade-api] info : Server is running at http://localhost:3000
2020-08-08T00:19:36.384Z [grade-api] info : Server is running at http://localhost:3000
2020-08-08T00:19:51.324Z [grade-api] info : Server is running at http://localhost:3000
2020-08-08T00:20:37.267Z [grade-api] info : Server is running at http://localhost:3000
2020-08-08T00:20:52.736Z [grade-api] info : Server is running at http://localhost:3000
2020-08-08T00:21:16.902Z [grade-api] info : Server is running at http://localhost:3000
2020-08-08T00:23:01.340Z [grade-api] info : Server is running at http://localhost:3000
2020-08-08T00:25:44.625Z [grade-api] info : Server is running at http://localhost:3000
2020-08-08T00:27:52.154Z [grade-api] info : Server is running at http://localhost:3000
2020-08-08T00:28:26.237Z [grade-api] info : Server is running at http://localhost:3000
2020-08-08T00:29:51.738Z [grade-api] info : Server is running at http://localhost:3000
2020-08-08T00:29:57.081Z [grade-api] info : Server is running at http://localhost:3000
2020-08-08T00:30:30.595Z [grade-api] info : Server is running at http://localhost:3000
2020-08-08T00:30:46.428Z [grade-api] info : Server is running at http://localhost:3000
2020-08-08T00:31:18.465Z [grade-api] info : Server is running at http://localhost:3000
2020-08-08T00:32:36.411Z [grade-api] info : Server is running at http://localhost:3000
2020-08-08T00:37:08.928Z [grade-api] info : Server is running at http://localhost:3000
2020-08-08T00:37:43.097Z [grade-api] info : Server is running at http://localhost:3000
2020-08-08T00:37:48.633Z [grade-api] info : Server is running at http://localhost:3000
2020-08-08T00:39:33.048Z [grade-api] info : Server is running at http://localhost:3000
2020-08-08T00:39:55.900Z [grade-api] info : Server is running at http://localhost:3000
2020-08-08T00:41:39.441Z [grade-api] info : Server is running at http://localhost:3000
2020-08-08T00:41:50.342Z [grade-api] info : Server is running at http://localhost:3000
2020-08-08T00:42:21.111Z [grade-api] info : Server is running at http://localhost:3000
2020-08-08T00:43:06.670Z [grade-api] info : Server is running at http://localhost:3000
2020-08-08T00:46:06.099Z [grade-api] info : Server is running at http://localhost:3000
2020-08-08T00:47:00.823Z [grade-api] info : Server is running at http://localhost:3000
2020-08-08T00:47:18.429Z [grade-api] info : Server is running at http://localhost:3000
2020-08-08T00:47:41.244Z [grade-api] info : Server is running at http://localhost:3000
2020-08-08T00:47:54.341Z [grade-api] info : Server is running at http://localhost:3000
2020-08-08T01:00:59.121Z [grade-api] error : uncaughtException: swaggerDocument is not defined
ReferenceError: swaggerDocument is not defined
    at file:///C:/Users/Daniel/OneDrive/IGTI/cap02/desafio/server.js:12:50
    at ModuleJob.run (internal/modules/esm/module_job.js:139:37)
    at async Loader.import (internal/modules/esm/loader.js:179:24)
2020-08-08T01:01:15.515Z [grade-api] info : Server is running at http://localhost:3000
2020-08-08T01:01:17.521Z [grade-api] info : Server is running at http://localhost:3000
2020-08-08T01:01:53.952Z [grade-api] info : Server is running at http://localhost:3000
2020-08-08T01:06:26.097Z [grade-api] info : Server is running at http://localhost:3000
2020-08-08T01:07:55.401Z [grade-api] info : Server is running at http://localhost:3000
2020-08-08T01:13:46.582Z [grade-api] info : Server is running at http://localhost:3000
2020-08-08T01:14:42.469Z [grade-api] info : Server is running at http://localhost:3000
2020-08-08T01:15:54.456Z [grade-api] error : uncaughtException: swaggerJsDoc is not defined
ReferenceError: swaggerJsDoc is not defined
    at file:///C:/Users/Daniel/OneDrive/IGTI/cap02/desafio/config/swagger.js:17:21
    at ModuleJob.run (internal/modules/esm/module_job.js:139:37)
    at async Loader.import (internal/modules/esm/loader.js:179:24)
2020-08-08T01:16:43.537Z [grade-api] error : uncaughtException: swaggerJsDoc is not defined
ReferenceError: swaggerJsDoc is not defined
    at file:///C:/Users/Daniel/OneDrive/IGTI/cap02/desafio/config/swagger.js:19:21
    at ModuleJob.run (internal/modules/esm/module_job.js:139:37)
    at async Loader.import (internal/modules/esm/loader.js:179:24)
2020-08-08T01:16:51.956Z [grade-api] info : Server is running at http://localhost:3000
2020-08-08T01:16:54.762Z [grade-api] info : Server is running at http://localhost:3000
2020-08-08T01:17:09.502Z [grade-api] info : Server is running at http://localhost:3000
2020-08-08T01:17:58.682Z [grade-api] info : Server is running at http://localhost:3000
2020-08-08T01:18:51.397Z [grade-api] info : Server is running at http://localhost:3000
2020-08-08T01:19:43.985Z [grade-api] info : Server is running at http://localhost:3000
2020-08-08T01:20:44.032Z [grade-api] info : Server is running at http://localhost:3000
2020-08-08T01:21:37.009Z [grade-api] info : Server is running at http://localhost:3000
2020-08-08T01:22:14.318Z [grade-api] info : Server is running at http://localhost:3000
2020-08-08T01:22:48.148Z [grade-api] info : Server is running at http://localhost:3000
2020-08-08T01:47:52.966Z [grade-api] info : Server is running at http://localhost:3000
2020-08-08T01:53:29.894Z [grade-api] info : Server is running at http://localhost:3000
2020-08-08T01:53:33.629Z [grade-api] info : Server is running at http://localhost:3000
2020-08-08T01:54:10.020Z [grade-api] info : Server is running at http://localhost:3000
2020-08-08T01:54:14.890Z [grade-api] info : Server is running at http://localhost:3000
2020-08-08T01:54:27.689Z [grade-api] info : Server is running at http://localhost:3000
2020-08-08T01:55:04.560Z [grade-api] info : Server is running at http://localhost:3000
2020-08-08T01:55:23.819Z [grade-api] info : Server is running at http://localhost:3000
2020-08-08T01:55:34.717Z [grade-api] info : Server is running at http://localhost:3000
2020-08-08T01:55:36.551Z [grade-api] info : Server is running at http://localhost:3000
2020-08-08T01:56:22.568Z [grade-api] info : Server is running at http://localhost:3000
2020-08-08T01:56:57.408Z [grade-api] info : Server is running at http://localhost:3000
2020-08-08T01:58:23.946Z [grade-api] info : Server is running at http://localhost:3000
2020-08-08T01:58:36.904Z [grade-api] info : Server is running at http://localhost:3000
2020-08-08T01:59:32.456Z [grade-api] info : Server is running at http://localhost:3000
2020-08-08T02:01:39.739Z [grade-api] info : Server is running at http://localhost:3000
2020-08-08T02:02:03.036Z [grade-api] info : Server is running at http://localhost:3000
2020-08-08T02:05:11.559Z [grade-api] info : Server is running at http://localhost:3000
2020-08-08T02:06:11.867Z [grade-api] info : Server is running at http://localhost:3000
2020-08-08T02:07:42.197Z [grade-api] error : uncaughtException: swaggerDoc is not defined
ReferenceError: swaggerDoc is not defined
    at file:///C:/Users/Daniel/OneDrive/IGTI/cap02/desafio/index.js:16:1
    at ModuleJob.run (internal/modules/esm/module_job.js:139:37)
    at async Loader.import (internal/modules/esm/loader.js:179:24)
2020-08-08T02:07:42.200Z [grade-api] info : Server is running at http://localhost:3000
2020-08-08T02:07:45.044Z [grade-api] error : uncaughtException: swaggerDoc is not defined
ReferenceError: swaggerDoc is not defined
    at file:///C:/Users/Daniel/OneDrive/IGTI/cap02/desafio/index.js:16:1
    at ModuleJob.run (internal/modules/esm/module_job.js:139:37)
    at async Loader.import (internal/modules/esm/loader.js:179:24)
2020-08-08T02:07:45.047Z [grade-api] info : Server is running at http://localhost:3000
2020-08-08T02:07:51.799Z [grade-api] info : Server is running at http://localhost:3000
2020-08-08T02:07:57.434Z [grade-api] info : Server is running at http://localhost:3000
2020-08-08T02:10:46.263Z [grade-api] info : Server is running at http://localhost:3000
2020-08-08T02:17:43.084Z [grade-api] info : Server is running at http://localhost:3000
2020-08-08T02:17:47.501Z [grade-api] info : Server is running at http://localhost:3000
2020-08-08T02:23:21.805Z [grade-api] error : uncaughtException: Provided options are incorrect.
Error: Provided options are incorrect.
    at module.exports (C:\Users\Daniel\OneDrive\IGTI\cap02\desafio\node_modules\swagger-jsdoc\lib\index.js:19:11)
    at file:///C:/Users/Daniel/OneDrive/IGTI/cap02/desafio/config/swagger.js:23:15
    at ModuleJob.run (internal/modules/esm/module_job.js:139:37)
    at async Loader.import (internal/modules/esm/loader.js:179:24)
2020-08-08T02:23:38.592Z [grade-api] error : uncaughtException: swaggerJsdoc is not defined
ReferenceError: swaggerJsdoc is not defined
    at file:///C:/Users/Daniel/OneDrive/IGTI/cap02/desafio/config/swagger.js:20:15
    at ModuleJob.run (internal/modules/esm/module_job.js:139:37)
    at async Loader.import (internal/modules/esm/loader.js:179:24)
2020-08-08T02:23:42.398Z [grade-api] error : uncaughtException: swaggerJsdoc is not defined
ReferenceError: swaggerJsdoc is not defined
    at file:///C:/Users/Daniel/OneDrive/IGTI/cap02/desafio/config/swagger.js:20:15
    at ModuleJob.run (internal/modules/esm/module_job.js:139:37)
    at async Loader.import (internal/modules/esm/loader.js:179:24)
2020-08-08T02:24:10.575Z [grade-api] error : uncaughtException: swaggerJsdoc is not defined
ReferenceError: swaggerJsdoc is not defined
    at file:///C:/Users/Daniel/OneDrive/IGTI/cap02/desafio/config/swagger.js:19:15
    at ModuleJob.run (internal/modules/esm/module_job.js:139:37)
    at async Loader.import (internal/modules/esm/loader.js:179:24)
2020-08-08T02:24:16.571Z [grade-api] error : uncaughtException: swaggerJsdoc is not defined
ReferenceError: swaggerJsdoc is not defined
    at file:///C:/Users/Daniel/OneDrive/IGTI/cap02/desafio/config/swagger.js:19:15
    at ModuleJob.run (internal/modules/esm/module_job.js:139:37)
    at async Loader.import (internal/modules/esm/loader.js:179:24)
2020-08-08T02:24:26.045Z [grade-api] error : uncaughtException: Provided options are incorrect.
Error: Provided options are incorrect.
    at module.exports (C:\Users\Daniel\OneDrive\IGTI\cap02\desafio\node_modules\swagger-jsdoc\lib\index.js:19:11)
    at file:///C:/Users/Daniel/OneDrive/IGTI/cap02/desafio/config/swagger.js:22:15
    at ModuleJob.run (internal/modules/esm/module_job.js:139:37)
    at async Loader.import (internal/modules/esm/loader.js:179:24)
2020-08-08T02:24:37.503Z [grade-api] error : uncaughtException: Provided options are incorrect.
Error: Provided options are incorrect.
    at module.exports (C:\Users\Daniel\OneDrive\IGTI\cap02\desafio\node_modules\swagger-jsdoc\lib\index.js:19:11)
    at file:///C:/Users/Daniel/OneDrive/IGTI/cap02/desafio/config/swagger.js:22:25
    at ModuleJob.run (internal/modules/esm/module_job.js:139:37)
    at async Loader.import (internal/modules/esm/loader.js:179:24)
2020-08-08T02:25:11.242Z [grade-api] error : uncaughtException: Provided options are incorrect.
Error: Provided options are incorrect.
    at module.exports (C:\Users\Daniel\OneDrive\IGTI\cap02\desafio\node_modules\swagger-jsdoc\lib\index.js:19:11)
    at file:///C:/Users/Daniel/OneDrive/IGTI/cap02/desafio/config/swagger.js:22:25
    at ModuleJob.run (internal/modules/esm/module_job.js:139:37)
    at async Loader.import (internal/modules/esm/loader.js:179:24)
2020-08-08T02:25:30.730Z [grade-api] error : uncaughtException: Provided options are incorrect.
Error: Provided options are incorrect.
    at module.exports (C:\Users\Daniel\OneDrive\IGTI\cap02\desafio\node_modules\swagger-jsdoc\lib\index.js:19:11)
    at file:///C:/Users/Daniel/OneDrive/IGTI/cap02/desafio/config/swagger.js:22:25
    at ModuleJob.run (internal/modules/esm/module_job.js:139:37)
    at async Loader.import (internal/modules/esm/loader.js:179:24)
2020-08-08T02:26:00.073Z [grade-api] error : uncaughtException: Provided options are incorrect.
Error: Provided options are incorrect.
    at module.exports (C:\Users\Daniel\OneDrive\IGTI\cap02\desafio\node_modules\swagger-jsdoc\lib\index.js:19:11)
    at file:///C:/Users/Daniel/OneDrive/IGTI/cap02/desafio/config/swagger.js:22:25
    at ModuleJob.run (internal/modules/esm/module_job.js:139:37)
    at async Loader.import (internal/modules/esm/loader.js:179:24)
2020-08-08T02:29:25.379Z [grade-api] error : uncaughtException: Provided options are incorrect.
Error: Provided options are incorrect.
    at module.exports (C:\Users\Daniel\OneDrive\IGTI\cap02\desafio\node_modules\swagger-jsdoc\lib\index.js:19:11)
    at file:///C:/Users/Daniel/OneDrive/IGTI/cap02/desafio/config/swagger.js:22:25
    at ModuleJob.run (internal/modules/esm/module_job.js:139:37)
    at async Loader.import (internal/modules/esm/loader.js:179:24)
2020-08-08T02:29:47.955Z [grade-api] error : uncaughtException: Provided options are incorrect.
Error: Provided options are incorrect.
    at module.exports (C:\Users\Daniel\OneDrive\IGTI\cap02\desafio\node_modules\swagger-jsdoc\lib\index.js:19:11)
    at file:///C:/Users/Daniel/OneDrive/IGTI/cap02/desafio/config/swagger.js:22:25
    at ModuleJob.run (internal/modules/esm/module_job.js:139:37)
    at async Loader.import (internal/modules/esm/loader.js:179:24)
2020-08-08T02:37:57.705Z [grade-api] error : uncaughtException: swaggerDoc is not defined
ReferenceError: swaggerDoc is not defined
    at file:///C:/Users/Daniel/OneDrive/IGTI/cap02/desafio/server.js:7:1
    at ModuleJob.run (internal/modules/esm/module_job.js:139:37)
    at async Loader.import (internal/modules/esm/loader.js:179:24)
2020-08-08T02:38:14.446Z [grade-api] error : uncaughtException: swaggerDoc is not defined
ReferenceError: swaggerDoc is not defined
    at file:///C:/Users/Daniel/OneDrive/IGTI/cap02/desafio/server.js:7:1
    at ModuleJob.run (internal/modules/esm/module_job.js:139:37)
    at async Loader.import (internal/modules/esm/loader.js:179:24)
2020-08-08T02:38:39.918Z [grade-api] error : uncaughtException: swaggerDoc is not defined
ReferenceError: swaggerDoc is not defined
    at file:///C:/Users/Daniel/OneDrive/IGTI/cap02/desafio/server.js:7:1
    at ModuleJob.run (internal/modules/esm/module_job.js:139:37)
    at async Loader.import (internal/modules/esm/loader.js:179:24)
2020-08-08T02:38:56.245Z [grade-api] info : Server is running at http://localhost:3000
2020-08-08T02:39:27.892Z [grade-api] info : Server is running at http://localhost:3000
2020-08-08T02:39:46.370Z [grade-api] info : Server is running at http://localhost:3000
2020-08-08T02:40:31.562Z [grade-api] info : Server is running at http://localhost:3000
2020-08-08T02:41:28.913Z [grade-api] info : Server is running at http://localhost:3000
2020-08-08T02:42:01.830Z [grade-api] info : Server is running at http://localhost:3000
2020-08-08T02:45:18.342Z [grade-api] info : Server is running at http://localhost:3000
